This is pdfTeX, Version 3.1415926-1.40.10 (TeX Live 2009/Debian) (format=pdflatex 2014.6.26)  12 DEC 2014 13:37
entering extended mode
 %&-line parsing enabled.
**algpseudocode.sty
(./algpseudocode.sty
LaTeX2e <2009/09/24>
Babel <v3.8l> and hyphenation patterns for english, usenglishmax, dumylang, noh
yphenation, loaded.

LaTeX Warning: You have requested package `',
               but the package provides `algpseudocode'.

Package: algpseudocode 
(/usr/share/texmf-texlive/tex/latex/base/ifthen.sty
Package: ifthen 2001/05/26 v1.1c Standard LaTeX ifthen package (DPC)
)

! LaTeX Error: File `algorithmicx.sty' not found.

Type X to quit or <RETURN> to proceed,
or enter new name. (Default extension: sty)

Enter file name: 
! Emergency stop.
<read *> 
         
l.12 \typeout
             {Document Style - pseudocode environments for use with the `alg...
*** (cannot \read from terminal in nonstop modes)

 
Here is how much of TeX's memory you used:
 59 strings out of 495061
 749 string characters out of 1182621
 45108 words of memory out of 3000000
 3331 multiletter control sequences out of 15000+50000
 3640 words of font info for 14 fonts, out of 3000000 for 9000
 28 hyphenation exceptions out of 8191
 12i,0n,10p,148b,10s stack positions out of 5000i,500n,10000p,200000b,50000s
!  ==> Fatal error occurred, no output PDF file produced!
